0 info it worked if it ends with ok
1 verbose cli [ 'C:\\Program Files\\nodejs\\node.exe',
1 verbose cli   'C:\\Program Files\\nodejs\\node_modules\\npm\\bin\\npm-cli.js',
1 verbose cli   'run',
1 verbose cli   'dev' ]
2 info using npm@3.10.10
3 info using node@v6.13.1
4 verbose run-script [ 'predev', 'dev', 'postdev' ]
5 info lifecycle quizzproject@1.0.0~predev: quizzproject@1.0.0
6 silly lifecycle quizzproject@1.0.0~predev: no script for predev, continuing
7 info lifecycle quizzproject@1.0.0~dev: quizzproject@1.0.0
8 verbose lifecycle quizzproject@1.0.0~dev: unsafe-perm in lifecycle true
9 verbose lifecycle quizzproject@1.0.0~dev: PATH: C:\Users\ABDELL~1\AppData\Roaming\nvm\v6.13.1\node_modules\npm\bin\node-gyp-bin;C:\Users\Abdellah Slimani\Desktop\QuizzApp\node_modules\.bin;C:\WINDOWS\system32;C:\WINDOWS;C:\WINDOWS\System32\Wbem;C:\WINDOWS\System32\WindowsPowerShell\v1.0\;C:\WINDOWS\System32\OpenSSH\;C:\Program Files\Git\cmd;C:\Program Files\NVIDIA Corporation\NVIDIA NvDLISR;C:\Program Files (x86)\NVIDIA Corporation\PhysX\Common;C:\Program Files (x86)\Yarn\bin\;%NVM_HOME%;%NVM_SYMLINK%;C:\Users\Abdellah Slimani\AppData\Local\Microsoft\WindowsApps;C:\Users\Abdellah Slimani\AppData\Local\Programs\Microsoft VS Code\bin;C:\Users\Abdellah Slimani\AppData\Roaming\npm;C:\Users\Abdellah Slimani\AppData\Local\Yarn\bin;C:\Users\Abdellah Slimani\AppData\Roaming\nvm;C:\Program Files\nodejs
10 verbose lifecycle quizzproject@1.0.0~dev: CWD: C:\Users\Abdellah Slimani\Desktop\QuizzApp
11 silly lifecycle quizzproject@1.0.0~dev: Args: [ '/d /s /c', 'concurrently "npm run server" "npm run client"' ]
12 silly lifecycle quizzproject@1.0.0~dev: Returned: code: 1  signal: null
13 info lifecycle quizzproject@1.0.0~dev: Failed to exec dev script
14 verbose stack Error: quizzproject@1.0.0 dev: `concurrently "npm run server" "npm run client"`
14 verbose stack Exit status 1
14 verbose stack     at EventEmitter.<anonymous> (C:\Users\ABDELL~1\AppData\Roaming\nvm\v6.13.1\node_modules\npm\lib\utils\lifecycle.js:255:16)
14 verbose stack     at emitTwo (events.js:106:13)
14 verbose stack     at EventEmitter.emit (events.js:191:7)
14 verbose stack     at ChildProcess.<anonymous> (C:\Users\ABDELL~1\AppData\Roaming\nvm\v6.13.1\node_modules\npm\lib\utils\spawn.js:40:14)
14 verbose stack     at emitTwo (events.js:106:13)
14 verbose stack     at ChildProcess.emit (events.js:191:7)
14 verbose stack     at maybeClose (internal/child_process.js:920:16)
14 verbose stack     at Process.ChildProcess._handle.onexit (internal/child_process.js:230:5)
15 verbose pkgid quizzproject@1.0.0
16 verbose cwd C:\Users\Abdellah Slimani\Desktop\QuizzApp
17 error Windows_NT 10.0.18363
18 error argv "C:\\Program Files\\nodejs\\node.exe" "C:\\Program Files\\nodejs\\node_modules\\npm\\bin\\npm-cli.js" "run" "dev"
19 error node v6.13.1
20 error npm  v3.10.10
21 error code ELIFECYCLE
22 error quizzproject@1.0.0 dev: `concurrently "npm run server" "npm run client"`
22 error Exit status 1
23 error Failed at the quizzproject@1.0.0 dev script 'concurrently "npm run server" "npm run client"'.
23 error Make sure you have the latest version of node.js and npm installed.
23 error If you do, this is most likely a problem with the quizzproject package,
23 error not with npm itself.
23 error Tell the author that this fails on your system:
23 error     concurrently "npm run server" "npm run client"
23 error You can get information on how to open an issue for this project with:
23 error     npm bugs quizzproject
23 error Or if that isn't available, you can get their info via:
23 error     npm owner ls quizzproject
23 error There is likely additional logging output above.
24 verbose exit [ 1, true ]
